2025-03-07T19:51:16.114+05:30  INFO 12936 --- [EmployeePayrollApp] [restartedMain] com.example.demo.EmployeePayrollApp      : Starting EmployeePayrollApp using Java 21.0.6 with PID 12936 (D:\STS Projects\EmployeePayrollApp\target\classes started by HP in D:\STS Projects\EmployeePayrollApp)
2025-03-07T19:51:16.122+05:30  INFO 12936 --- [EmployeePayrollApp] [restartedMain] com.example.demo.EmployeePayrollApp      : The following 1 profile is active: "dev"
2025-03-07T19:51:16.203+05:30  INFO 12936 --- [EmployeePayrollApp] [restartedMain] .e.DevToolsPropertyDefaultsPostProcessor : Devtools property defaults active! Set 'spring.devtools.add-properties' to 'false' to disable
2025-03-07T19:51:16.204+05:30  INFO 12936 --- [EmployeePayrollApp] [restartedMain] .e.DevToolsPropertyDefaultsPostProcessor : For additional web related logging consider setting the 'logging.level.web' property to 'DEBUG'
2025-03-07T19:51:17.202+05:30  INFO 12936 --- [EmployeePayrollApp] [restartedMain] .s.d.r.c.RepositoryConfigurationDelegate : Bootstrapping Spring Data JPA repositories in DEFAULT mode.
2025-03-07T19:51:17.244+05:30  INFO 12936 --- [EmployeePayrollApp] [restartedMain] .s.d.r.c.RepositoryConfigurationDelegate : Finished Spring Data repository scanning in 23 ms. Found 0 JPA repository interfaces.
2025-03-07T19:51:18.031+05:30  INFO 12936 --- [EmployeePayrollApp] [restartedMain] o.s.b.w.embedded.tomcat.TomcatWebServer  : Tomcat initialized with port 8080 (http)
2025-03-07T19:51:18.051+05:30  INFO 12936 --- [EmployeePayrollApp] [restartedMain] o.apache.catalina.core.StandardService   : Starting service [Tomcat]
2025-03-07T19:51:18.051+05:30  INFO 12936 --- [EmployeePayrollApp] [restartedMain] o.apache.catalina.core.StandardEngine    : Starting Servlet engine: [Apache Tomcat/10.1.36]
2025-03-07T19:51:18.118+05:30  INFO 12936 --- [EmployeePayrollApp] [restartedMain] o.a.c.c.C.[Tomcat].[localhost].[/]       : Initializing Spring embedded WebApplicationContext
2025-03-07T19:51:18.118+05:30  INFO 12936 --- [EmployeePayrollApp] [restartedMain] w.s.c.ServletWebServerApplicationContext : Root WebApplicationContext: initialization completed in 1913 ms
2025-03-07T19:51:18.334+05:30  INFO 12936 --- [EmployeePayrollApp] [restartedMain] o.hibernate.jpa.internal.util.LogHelper  : HHH000204: Processing PersistenceUnitInfo [name: default]
2025-03-07T19:51:18.446+05:30  INFO 12936 --- [EmployeePayrollApp] [restartedMain] org.hibernate.Version                    : HHH000412: Hibernate ORM core version 6.5.3.Final
2025-03-07T19:51:18.512+05:30  INFO 12936 --- [EmployeePayrollApp] [restartedMain] o.h.c.internal.RegionFactoryInitiator    : HHH000026: Second-level cache disabled
2025-03-07T19:51:18.992+05:30  INFO 12936 --- [EmployeePayrollApp] [restartedMain] o.s.o.j.p.SpringPersistenceUnitInfo      : No LoadTimeWeaver setup: ignoring JPA class transformer
2025-03-07T19:51:19.047+05:30  INFO 12936 --- [EmployeePayrollApp] [restartedMain] com.zaxxer.hikari.HikariDataSource       : HikariPool-1 - Starting...
2025-03-07T19:51:19.841+05:30  INFO 12936 --- [EmployeePayrollApp] [restartedMain] com.zaxxer.hikari.pool.HikariPool        : HikariPool-1 - Added connection com.mysql.cj.jdbc.ConnectionImpl@6a86be96
2025-03-07T19:51:19.844+05:30  INFO 12936 --- [EmployeePayrollApp] [restartedMain] com.zaxxer.hikari.HikariDataSource       : HikariPool-1 - Start completed.
2025-03-07T19:51:20.004+05:30  WARN 12936 --- [EmployeePayrollApp] [restartedMain] org.hibernate.orm.deprecation            : HHH90000025: MySQL8Dialect does not need to be specified explicitly using 'hibernate.dialect' (remove the property setting and it will be selected by default)
2025-03-07T19:51:20.006+05:30  WARN 12936 --- [EmployeePayrollApp] [restartedMain] org.hibernate.orm.deprecation            : HHH90000026: MySQL8Dialect has been deprecated; use org.hibernate.dialect.MySQLDialect instead
2025-03-07T19:51:20.573+05:30  INFO 12936 --- [EmployeePayrollApp] [restartedMain] o.h.e.t.j.p.i.JtaPlatformInitiator       : HHH000489: No JTA platform available (set 'hibernate.transaction.jta.platform' to enable JTA platform integration)
2025-03-07T19:51:20.589+05:30  INFO 12936 --- [EmployeePayrollApp] [restartedMain] j.LocalContainerEntityManagerFactoryBean : Initialized JPA EntityManagerFactory for persistence unit 'default'
2025-03-07T19:51:20.683+05:30  WARN 12936 --- [EmployeePayrollApp] [restartedMain] JpaBaseConfiguration$JpaWebConfiguration : spring.jpa.open-in-view is enabled by default. Therefore, database queries may be performed during view rendering. Explicitly configure spring.jpa.open-in-view to disable this warning
2025-03-07T19:51:21.345+05:30  INFO 12936 --- [EmployeePayrollApp] [restartedMain] o.s.b.d.a.OptionalLiveReloadServer       : LiveReload server is running on port 35729
2025-03-07T19:51:21.407+05:30  INFO 12936 --- [EmployeePayrollApp] [restartedMain] o.s.b.w.embedded.tomcat.TomcatWebServer  : Tomcat started on port 8080 (http) with context path '/'
2025-03-07T19:51:21.422+05:30  INFO 12936 --- [EmployeePayrollApp] [restartedMain] com.example.demo.EmployeePayrollApp      : Started EmployeePayrollApp in 5.866 seconds (process running for 7.125)
2025-03-07T19:51:42.275+05:30  INFO 12936 --- [EmployeePayrollApp] [RMI TCP Connection(2)-127.0.0.1] inMXBeanRegistrar$SpringApplicationAdmin : Application shutdown requested.
2025-03-07T19:51:42.296+05:30  INFO 12936 --- [EmployeePayrollApp] [RMI TCP Connection(2)-127.0.0.1] j.LocalContainerEntityManagerFactoryBean : Closing JPA EntityManagerFactory for persistence unit 'default'
2025-03-07T19:51:42.302+05:30  INFO 12936 --- [EmployeePayrollApp] [RMI TCP Connection(2)-127.0.0.1] com.zaxxer.hikari.HikariDataSource       : HikariPool-1 - Shutdown initiated...
2025-03-07T19:51:42.324+05:30  INFO 12936 --- [EmployeePayrollApp] [RMI TCP Connection(2)-127.0.0.1] com.zaxxer.hikari.HikariDataSource       : HikariPool-1 - Shutdown completed.
